Using pre-set license

 COMMAND LINE ARGUMENTS:
/Applications/Unity/Hub/Editor/2020.3.10f1/Unity.app/Contents/MacOS/Unity
-adb2
-batchMode
-noUpm
-name
AssetImportWorker0
-projectPath
/Users/igor/Desktop/ARIA project/SmartHome
-logFile
Logs/AssetImportWorker0.log
-srvPort
52830
Successfully changed project path to: /Users/igor/Desktop/ARIA project/SmartHome
/Users/igor/Desktop/ARIA project/SmartHome
Using Asset Import Pipeline V2.
Refreshing native plugins compatible for Editor in 123.11 ms, found 6 plugins.
Preloading 1 native plugins for Editor in 9.01 ms.
Initialize engine version: 2020.3.10f1 (297d780c91bc)
[Subsystems] Discovering subsystems at path /Applications/Unity/Hub/Editor/2020.3.10f1/Unity.app/Contents/Resources/UnitySubsystems
[Subsystems] Discovering subsystems at path /Users/igor/Desktop/ARIA project/SmartHome/Assets
GfxDevice: creating device client; threaded=0
2021-12-12 15:57:41.183 Unity[65146:2987762] (null) preferred device: Apple M1 (high power)
2021-12-12 15:57:41.183 Unity[65146:2987762] Metal devices available: 1
2021-12-12 15:57:41.183 Unity[65146:2987762] 0: Apple M1 (high power)
2021-12-12 15:57:41.183 Unity[65146:2987762] Using device Apple M1 (high power)
Initializing Metal device caps: Apple M1
Shader 'Oculus/OVRMRCameraFrameLit': fallback shader 'Alpha-Diffuse' not found
Initialize mono
Mono path[0] = '/Applications/Unity/Hub/Editor/2020.3.10f1/Unity.app/Contents/Managed'
Mono path[1] = '/Applications/Unity/Hub/Editor/2020.3.10f1/Unity.app/Contents/MonoBleedingEdge/lib/mono/unityjit'
Mono config path = '/Applications/Unity/Hub/Editor/2020.3.10f1/Unity.app/Contents/MonoBleedingEdge/etc'
Using monoOptions --debugger-agent=transport=dt_socket,embedding=1,server=y,suspend=n,address=127.0.0.1:56146
Begin MonoManager ReloadAssembly
Registering precompiled unity dll's ...
Register platform support module: /Applications/Unity/Hub/Editor/2020.3.10f1/Unity.app/Contents/PlaybackEngines/MacStandaloneSupport/UnityEditor.OSXStandalone.Extensions.dll
Registered in 0.001085 seconds.
Native extension for OSXStandalone target not found
Refreshing native plugins compatible for Editor in 73.08 ms, found 6 plugins.
Preloading 1 native plugins for Editor in 1.29 ms.
Mono: successfully reloaded assembly
- Completed reload, in  1.820 seconds
Platform modules already initialized, skipping
Registering precompiled user dll's ...
Registered in 0.005298 seconds.
Begin MonoManager ReloadAssembly
Native extension for OSXStandalone target not found
Refreshing native plugins compatible for Editor in 63.68 ms, found 6 plugins.
Preloading 1 native plugins for Editor in 0.27 ms.
Mono: successfully reloaded assembly
- Completed reload, in  2.425 seconds
Platform modules already initialized, skipping
========================================================================
Worker process is ready to serve import requests
Shader 'Oculus/OVRMRCameraFrameLit': fallback shader 'Alpha-Diffuse' not found
Launching external process: /Applications/Unity/Hub/Editor/2020.3.10f1/Unity.app/Contents/Tools/UnityShaderCompiler
Launched and connected shader compiler UnityShaderCompiler after 0.26 seconds
Refreshing native plugins compatible for Editor in 1.40 ms, found 6 plugins.
Preloading 1 native plugins for Editor in 0.33 ms.
Unloading 2933 Unused Serialized files (Serialized files now loaded: 0)
System memory in use before: 259.3 MB.
System memory in use after: 259.2 MB.

Unloading 66 unused Assets to reduce memory usage. Loaded Objects now: 3336.
Total: 4.011500 ms (FindLiveObjects: 0.382375 ms CreateObjectMapping: 0.100292 ms MarkObjects: 3.110375 ms  DeleteObjects: 0.417250 ms)

========================================================================
Received Import Request.
  path: Assets/Oculus/SampleFramework/Usage/SpatialAnchor/Textures/OCUI_24_Filled_2x.png
  artifactKey: Guid(7f186a9ac091755489927d745be0185a) Importer(815301076,1909f56bfc062723c751e8b465ee728b)
Start importing Assets/Oculus/SampleFramework/Usage/SpatialAnchor/Textures/OCUI_24_Filled_2x.png using Guid(7f186a9ac091755489927d745be0185a) Importer(815301076,1909f56bfc062723c751e8b465ee728b)  -> (artifact id: '922e140b9a084e444c743c00588811df') in 1.129877 seconds
  Import took 1.138643 seconds .

========================================================================
Received Import Request.
  Time since last request: 0.000450 seconds.
  path: Assets/Oculus/VR/Meshes/OculusTouchForQuest2/OculusTouchForQuest2_Right.fbx
  artifactKey: Guid(25b5eb0761edb6346b0b3444af76b55e) Importer(815301076,1909f56bfc062723c751e8b465ee728b)
Start importing Assets/Oculus/VR/Meshes/OculusTouchForQuest2/OculusTouchForQuest2_Right.fbx using Guid(25b5eb0761edb6346b0b3444af76b55e) Importer(815301076,1909f56bfc062723c751e8b465ee728b)  -> (artifact id: 'b82809ed8744bfc020673abb027c6f48') in 0.609830 seconds
  Import took 0.613795 seconds .

========================================================================
Received Import Request.
  Time since last request: 0.000187 seconds.
  path: Assets/Oculus/SampleFramework/Core/CustomHands/CustomHandRight.prefab
  artifactKey: Guid(ba1fa4a8c66106b4988c88fe4b8e8502) Importer(815301076,1909f56bfc062723c751e8b465ee728b)
Start importing Assets/Oculus/SampleFramework/Core/CustomHands/CustomHandRight.prefab using Guid(ba1fa4a8c66106b4988c88fe4b8e8502) Importer(815301076,1909f56bfc062723c751e8b465ee728b)  -> (artifact id: '7461ac648cf103656e1178ed0ef5ffc0') in 0.131158 seconds
  Import took 0.135153 seconds .

========================================================================
Received Import Request.
  Time since last request: 0.000211 seconds.
  path: Assets/Oculus/SampleFramework/Core/DistanceGrab/Prefabs/DistanceGrabHandRight.prefab
  artifactKey: Guid(6fae51a9f4170334e8639e8dbfc0a54b) Importer(815301076,1909f56bfc062723c751e8b465ee728b)
Start importing Assets/Oculus/SampleFramework/Core/DistanceGrab/Prefabs/DistanceGrabHandRight.prefab using Guid(6fae51a9f4170334e8639e8dbfc0a54b) Importer(815301076,1909f56bfc062723c751e8b465ee728b)  -> (artifact id: 'f36568738bc15f5a094017b29e9a1ccd') in 0.015891 seconds
  Import took 0.019451 seconds .

========================================================================
Received Import Request.
  Time since last request: 0.000239 seconds.
  path: Assets/Oculus/VR/Meshes/OculusTouchForQuestAndRiftS/OculusTouchForQuestAndRiftS_Right.fbx
  artifactKey: Guid(37ba10a26a648144fa2390c8adfb2c8a) Importer(815301076,1909f56bfc062723c751e8b465ee728b)
Start importing Assets/Oculus/VR/Meshes/OculusTouchForQuestAndRiftS/OculusTouchForQuestAndRiftS_Right.fbx using Guid(37ba10a26a648144fa2390c8adfb2c8a) Importer(815301076,1909f56bfc062723c751e8b465ee728b)  -> (artifact id: '1a501505bfaa5452ad9b5aab3e4a8042') in 0.117077 seconds
  Import took 0.120650 seconds .

========================================================================
Received Import Request.
  Time since last request: 6.181650 seconds.
  path: Assets/Oculus/VR/Meshes/OculusTouchForRift/right_touch_controller_model_skel.fbx
  artifactKey: Guid(c3798d66af7bbe54bbfe22a3b302300b) Importer(815301076,1909f56bfc062723c751e8b465ee728b)
Start importing Assets/Oculus/VR/Meshes/OculusTouchForRift/right_touch_controller_model_skel.fbx using Guid(c3798d66af7bbe54bbfe22a3b302300b) Importer(815301076,1909f56bfc062723c751e8b465ee728b)  -> (artifact id: '5226c65c72df37590d85f2dd278f47b8') in 0.028087 seconds
  Import took 0.032270 seconds .

========================================================================
Received Import Request.
  Time since last request: 0.406444 seconds.
  path: Assets/Oculus/SampleFramework/Core/TouchControllers/Models/right_touch_controller_model_skel.fbx
  artifactKey: Guid(270ca9aaa39af4d4bb26754fdce0c971) Importer(815301076,1909f56bfc062723c751e8b465ee728b)
Start importing Assets/Oculus/SampleFramework/Core/TouchControllers/Models/right_touch_controller_model_skel.fbx using Guid(270ca9aaa39af4d4bb26754fdce0c971) Importer(815301076,1909f56bfc062723c751e8b465ee728b)  -> (artifact id: '992eec00ae2fd575f07617ae8e0b7da8') in 0.072289 seconds
  Import took 0.076314 seconds .

========================================================================
Received Import Request.
  Time since last request: 0.000236 seconds.
  path: Assets/Oculus/SampleFramework/Core/TouchControllers/RightControllerPf.prefab
  artifactKey: Guid(fa4a34fb8bbe14649bca25aee46a5f4e) Importer(815301076,1909f56bfc062723c751e8b465ee728b)
Start importing Assets/Oculus/SampleFramework/Core/TouchControllers/RightControllerPf.prefab using Guid(fa4a34fb8bbe14649bca25aee46a5f4e) Importer(815301076,1909f56bfc062723c751e8b465ee728b)  -> (artifact id: 'a9fbd67058b7db866e2b10fd71b4bf38') in 0.051094 seconds
  Import took 0.054774 seconds .

========================================================================
Received Import Request.
  Time since last request: 0.000186 seconds.
  path: Assets/Oculus/SampleFramework/Usage/SharedAssets/Skyboxes/Sky_02/Skybox02_Right-X.png
  artifactKey: Guid(2225d3954773c41dfb5cbe8356988e16) Importer(815301076,1909f56bfc062723c751e8b465ee728b)
Start importing Assets/Oculus/SampleFramework/Usage/SharedAssets/Skyboxes/Sky_02/Skybox02_Right-X.png using Guid(2225d3954773c41dfb5cbe8356988e16) Importer(815301076,1909f56bfc062723c751e8b465ee728b)  -> (artifact id: 'dacec67561ece2c1b55e140dede1e318') in 0.010372 seconds
  Import took 0.013959 seconds .

========================================================================
Received Import Request.
  Time since last request: 0.000224 seconds.
  path: Assets/Oculus/SampleFramework/Usage/HandsTrainExample/Prefabs/RightSegment.prefab
  artifactKey: Guid(c458bcf4711b479478e49962283bac76) Importer(815301076,1909f56bfc062723c751e8b465ee728b)
Start importing Assets/Oculus/SampleFramework/Usage/HandsTrainExample/Prefabs/RightSegment.prefab using Guid(c458bcf4711b479478e49962283bac76) Importer(815301076,1909f56bfc062723c751e8b465ee728b)  -> (artifact id: '567aa5b2091ef02618714a9206cdca47') in 0.126491 seconds
  Import took 0.130032 seconds .

========================================================================
Received Import Request.
  Time since last request: 0.000223 seconds.
  path: Assets/Oculus/SampleFramework/Usage/SharedAssets/Skyboxes/Sky_01/Skybox01_Right-X.png
  artifactKey: Guid(1531db7620eb24dbfa45481c43b6dcc5) Importer(815301076,1909f56bfc062723c751e8b465ee728b)
Start importing Assets/Oculus/SampleFramework/Usage/SharedAssets/Skyboxes/Sky_01/Skybox01_Right-X.png using Guid(1531db7620eb24dbfa45481c43b6dcc5) Importer(815301076,1909f56bfc062723c751e8b465ee728b)  -> (artifact id: '1c994aaff4ffa9002bedc3bd42c8026a') in 0.008691 seconds
  Import took 0.011780 seconds .

========================================================================
Received Import Request.
  Time since last request: 6.375237 seconds.
  path: Assets/Oculus/SampleFramework/Core/CustomHands/CustomHandLeft.prefab
  artifactKey: Guid(e6ba3498ffa1e534b91a07264266e6b8) Importer(815301076,1909f56bfc062723c751e8b465ee728b)
Start importing Assets/Oculus/SampleFramework/Core/CustomHands/CustomHandLeft.prefab using Guid(e6ba3498ffa1e534b91a07264266e6b8) Importer(815301076,1909f56bfc062723c751e8b465ee728b)  -> (artifact id: 'd062a00481016f2a51bc43abc9f6b296') in 0.032652 seconds
  Import took 0.040296 seconds .

========================================================================
Received Import Request.
  Time since last request: 0.000270 seconds.
  path: Assets/Oculus/VR/Meshes/OculusTouchForQuest2/OculusTouchForQuest2_Left.fbx
  artifactKey: Guid(8b83018900d13bb4f8e0ad895cb004e5) Importer(815301076,1909f56bfc062723c751e8b465ee728b)
Start importing Assets/Oculus/VR/Meshes/OculusTouchForQuest2/OculusTouchForQuest2_Left.fbx using Guid(8b83018900d13bb4f8e0ad895cb004e5) Importer(815301076,1909f56bfc062723c751e8b465ee728b)  -> (artifact id: 'c21389eebc97e30e819d46cfd23b1fb6') in 0.031446 seconds
  Import took 0.036508 seconds .

========================================================================
Received Import Request.
  Time since last request: 0.000176 seconds.
  path: Assets/Oculus/VR/Meshes/OculusTouchForRift/left_touch_controller_model_skel.fbx
  artifactKey: Guid(c3ba18e9fa5e9104098cbdbb3e23a5b4) Importer(815301076,1909f56bfc062723c751e8b465ee728b)
Start importing Assets/Oculus/VR/Meshes/OculusTouchForRift/left_touch_controller_model_skel.fbx using Guid(c3ba18e9fa5e9104098cbdbb3e23a5b4) Importer(815301076,1909f56bfc062723c751e8b465ee728b)  -> (artifact id: '455d83836f4c99f2f62e20f400c3e503') in 0.304791 seconds
  Import took 0.308368 seconds .

========================================================================
Received Import Request.
  Time since last request: 0.000257 seconds.
  path: Assets/Oculus/VR/Meshes/OculusTouchForQuestAndRiftS/OculusTouchForQuestAndRiftS_Left.fbx
  artifactKey: Guid(32fbc8bcebb64584da5868aeeb086cda) Importer(815301076,1909f56bfc062723c751e8b465ee728b)
Start importing Assets/Oculus/VR/Meshes/OculusTouchForQuestAndRiftS/OculusTouchForQuestAndRiftS_Left.fbx using Guid(32fbc8bcebb64584da5868aeeb086cda) Importer(815301076,1909f56bfc062723c751e8b465ee728b)  -> (artifact id: '394ef3ebb221181fb52fa64fcfd66d44') in 0.033448 seconds
  Import took 0.037138 seconds .

========================================================================
Received Import Request.
  Time since last request: 0.000225 seconds.
  path: Assets/Oculus/SampleFramework/Core/DistanceGrab/Prefabs/DistanceGrabHandLeft.prefab
  artifactKey: Guid(0242aa8515b4bc947a945a5c6df83ee9) Importer(815301076,1909f56bfc062723c751e8b465ee728b)
Start importing Assets/Oculus/SampleFramework/Core/DistanceGrab/Prefabs/DistanceGrabHandLeft.prefab using Guid(0242aa8515b4bc947a945a5c6df83ee9) Importer(815301076,1909f56bfc062723c751e8b465ee728b)  -> (artifact id: '15cdd727c558aa4715c7568d9a5f9e2a') in 0.016298 seconds
  Import took 0.019842 seconds .

========================================================================
Received Import Request.
  Time since last request: 125.561142 seconds.
  path: Assets/Oculus/VR/Prefabs/OVRCameraRig.prefab
  artifactKey: Guid(126d619cf4daa52469682f85c1378b4a) Importer(815301076,1909f56bfc062723c751e8b465ee728b)
Start importing Assets/Oculus/VR/Prefabs/OVRCameraRig.prefab using Guid(126d619cf4daa52469682f85c1378b4a) Importer(815301076,1909f56bfc062723c751e8b465ee728b)  -> (artifact id: '9ad42307706c11b20887644c09ee56f9') in 0.021790 seconds
  Import took 0.036908 seconds .

========================================================================
Received Import Request.
  Time since last request: 0.706514 seconds.
  path: Assets/Resources/OVRPlatformToolSettings.asset
  artifactKey: Guid(1e2edc5e36df342478696b9d8a450752) Importer(815301076,1909f56bfc062723c751e8b465ee728b)
Start importing Assets/Resources/OVRPlatformToolSettings.asset using Guid(1e2edc5e36df342478696b9d8a450752) Importer(815301076,1909f56bfc062723c751e8b465ee728b)  -> (artifact id: '935efc96c9c8c10caf6b494909883dd2') in 0.110412 seconds
  Import took 0.115599 seconds .

========================================================================
Received Import Request.
  Time since last request: 0.000224 seconds.
  path: Assets/Oculus/VR/Prefabs/OVRPlayerController.prefab
  artifactKey: Guid(ce816f2e6abb0504092c23ed9b970dfd) Importer(815301076,1909f56bfc062723c751e8b465ee728b)
Start importing Assets/Oculus/VR/Prefabs/OVRPlayerController.prefab using Guid(ce816f2e6abb0504092c23ed9b970dfd) Importer(815301076,1909f56bfc062723c751e8b465ee728b)  -> (artifact id: 'e4da544bc6886c1d94536237a70f11d6') in 0.006017 seconds
  Import took 0.014061 seconds .

========================================================================
Received Prepare
Registering precompiled user dll's ...
Registered in 0.005344 seconds.
Begin MonoManager ReloadAssembly
Native extension for OSXStandalone target not found
Refreshing native plugins compatible for Editor in 1.01 ms, found 6 plugins.
Preloading 1 native plugins for Editor in 0.52 ms.
Mono: successfully reloaded assembly
- Completed reload, in  2.438 seconds
Platform modules already initialized, skipping
Shader 'Oculus/OVRMRCameraFrameLit': fallback shader 'Alpha-Diffuse' not found
Refreshing native plugins compatible for Editor in 1.09 ms, found 6 plugins.
Preloading 1 native plugins for Editor in 0.36 ms.
Unloading 2838 Unused Serialized files (Serialized files now loaded: 0)
System memory in use before: 285.5 MB.
System memory in use after: 285.3 MB.

Unloading 59 unused Assets to reduce memory usage. Loaded Objects now: 3388.
Total: 2.926750 ms (FindLiveObjects: 0.302000 ms CreateObjectMapping: 0.068541 ms MarkObjects: 2.058709 ms  DeleteObjects: 0.496458 ms)

