Using pre-set license

 COMMAND LINE ARGUMENTS:
/Applications/Unity/Hub/Editor/2020.3.10f1/Unity.app/Contents/MacOS/Unity
-adb2
-batchMode
-noUpm
-name
AssetImportWorker0
-projectPath
/Users/igor/Desktop/ARIA project/SmartHome
-logFile
Logs/AssetImportWorker0.log
-srvPort
53024
Successfully changed project path to: /Users/igor/Desktop/ARIA project/SmartHome
/Users/igor/Desktop/ARIA project/SmartHome
Using Asset Import Pipeline V2.
Refreshing native plugins compatible for Editor in 79.74 ms, found 6 plugins.
Preloading 1 native plugins for Editor in 8.30 ms.
Initialize engine version: 2020.3.10f1 (297d780c91bc)
[Subsystems] Discovering subsystems at path /Applications/Unity/Hub/Editor/2020.3.10f1/Unity.app/Contents/Resources/UnitySubsystems
[Subsystems] Discovering subsystems at path /Users/igor/Desktop/ARIA project/SmartHome/Assets
GfxDevice: creating device client; threaded=0
2021-12-12 16:16:58.793 Unity[65542:3000184] (null) preferred device: Apple M1 (high power)
2021-12-12 16:16:58.793 Unity[65542:3000184] Metal devices available: 1
2021-12-12 16:16:58.794 Unity[65542:3000184] 0: Apple M1 (high power)
2021-12-12 16:16:58.794 Unity[65542:3000184] Using device Apple M1 (high power)
Initializing Metal device caps: Apple M1
Shader 'Oculus/OVRMRCameraFrameLit': fallback shader 'Alpha-Diffuse' not found
Initialize mono
Mono path[0] = '/Applications/Unity/Hub/Editor/2020.3.10f1/Unity.app/Contents/Managed'
Mono path[1] = '/Applications/Unity/Hub/Editor/2020.3.10f1/Unity.app/Contents/MonoBleedingEdge/lib/mono/unityjit'
Mono config path = '/Applications/Unity/Hub/Editor/2020.3.10f1/Unity.app/Contents/MonoBleedingEdge/etc'
Using monoOptions --debugger-agent=transport=dt_socket,embedding=1,server=y,suspend=n,address=127.0.0.1:56542
Begin MonoManager ReloadAssembly
Registering precompiled unity dll's ...
Register platform support module: /Applications/Unity/Hub/Editor/2020.3.10f1/Unity.app/Contents/PlaybackEngines/MacStandaloneSupport/UnityEditor.OSXStandalone.Extensions.dll
Registered in 0.001859 seconds.
Native extension for OSXStandalone target not found
Refreshing native plugins compatible for Editor in 63.64 ms, found 6 plugins.
Preloading 1 native plugins for Editor in 0.28 ms.
Mono: successfully reloaded assembly
- Completed reload, in  1.794 seconds
Platform modules already initialized, skipping
Registering precompiled user dll's ...
Registered in 0.005308 seconds.
Begin MonoManager ReloadAssembly
Native extension for OSXStandalone target not found
Refreshing native plugins compatible for Editor in 63.22 ms, found 6 plugins.
Preloading 1 native plugins for Editor in 0.28 ms.
Mono: successfully reloaded assembly
- Completed reload, in  2.372 seconds
Platform modules already initialized, skipping
========================================================================
Worker process is ready to serve import requests
Shader 'Oculus/OVRMRCameraFrameLit': fallback shader 'Alpha-Diffuse' not found
Launching external process: /Applications/Unity/Hub/Editor/2020.3.10f1/Unity.app/Contents/Tools/UnityShaderCompiler
Launched and connected shader compiler UnityShaderCompiler after 0.19 seconds
Refreshing native plugins compatible for Editor in 0.89 ms, found 6 plugins.
Preloading 1 native plugins for Editor in 0.30 ms.
Unloading 2933 Unused Serialized files (Serialized files now loaded: 0)
System memory in use before: 259.5 MB.
System memory in use after: 259.4 MB.

Unloading 66 unused Assets to reduce memory usage. Loaded Objects now: 3336.
Total: 2.248292 ms (FindLiveObjects: 0.222708 ms CreateObjectMapping: 0.059709 ms MarkObjects: 1.638625 ms  DeleteObjects: 0.326417 ms)

========================================================================
Received Import Request.
  path: Assets/Oculus/VR/Plugins/MacOSX
  artifactKey: Guid(3b0808cda9a8d4b458fad2788f63ff7f) Importer(815301076,1909f56bfc062723c751e8b465ee728b)
Start importing Assets/Oculus/VR/Plugins/MacOSX using Guid(3b0808cda9a8d4b458fad2788f63ff7f) Importer(815301076,1909f56bfc062723c751e8b465ee728b)  -> (artifact id: '36dab4f2865b122d3efe6b4c2e32860a') in 0.008569 seconds
  Import took 0.012677 seconds .

========================================================================
Received Import Request.
  Time since last request: 0.000202 seconds.
  path: Assets/Oculus/VR/Plugins/MacOSX/OVRGamepad.bundle/Contents
  artifactKey: Guid(648a2605a2bc848728f27adc59fe8010) Importer(815301076,1909f56bfc062723c751e8b465ee728b)
Start importing Assets/Oculus/VR/Plugins/MacOSX/OVRGamepad.bundle/Contents using Guid(648a2605a2bc848728f27adc59fe8010) Importer(815301076,1909f56bfc062723c751e8b465ee728b)  -> (artifact id: 'ee8eb838f5a370b3f23e9c03a5ea3b0e') in 0.000912 seconds
  Import took 0.003996 seconds .

========================================================================
Received Import Request.
  Time since last request: 0.000175 seconds.
  path: Assets/Oculus/VR/Plugins/MacOSX/OVRGamepad.bundle/Contents/MacOS
  artifactKey: Guid(8fad9c333897547a59f91edacd69f7db) Importer(815301076,1909f56bfc062723c751e8b465ee728b)
Start importing Assets/Oculus/VR/Plugins/MacOSX/OVRGamepad.bundle/Contents/MacOS using Guid(8fad9c333897547a59f91edacd69f7db) Importer(815301076,1909f56bfc062723c751e8b465ee728b)  -> (artifact id: '461cee8dbe6c0cab1117be45a6ffcb76') in 0.000867 seconds
  Import took 0.003716 seconds .

========================================================================
Received Import Request.
  Time since last request: 0.000183 seconds.
  path: Assets/Oculus/VR/Plugins/MacOSX/OVRGamepad.bundle
  artifactKey: Guid(537f08a1aac8553459f3574a939a05ed) Importer(815301076,1909f56bfc062723c751e8b465ee728b)
Start importing Assets/Oculus/VR/Plugins/MacOSX/OVRGamepad.bundle using Guid(537f08a1aac8553459f3574a939a05ed) Importer(815301076,1909f56bfc062723c751e8b465ee728b)  -> (artifact id: 'dc6775bd4493c108cd9ce9aa7e73f78f') in 0.533850 seconds
  Import took 0.538139 seconds .

========================================================================
Received Import Request.
  Time since last request: 0.000210 seconds.
  path: Assets/Oculus/VR/Plugins/MacOSX/OVRGamepad.bundle/Contents/MacOS/OVRGamepad
  artifactKey: Guid(3af79ea9cc1984e498b6a7e5409cdcac) Importer(815301076,1909f56bfc062723c751e8b465ee728b)
Start importing Assets/Oculus/VR/Plugins/MacOSX/OVRGamepad.bundle/Contents/MacOS/OVRGamepad using Guid(3af79ea9cc1984e498b6a7e5409cdcac) Importer(815301076,1909f56bfc062723c751e8b465ee728b)  -> (artifact id: '27098223617cb4a15201d9563c49bc5a') in 0.030704 seconds
  Import took 0.034878 seconds .

========================================================================
Received Import Request.
  Time since last request: 0.000243 seconds.
  path: Assets/Oculus/VR/Plugins/1.67.0
  artifactKey: Guid(7be69154ba675f54b84bb4c142831542) Importer(815301076,1909f56bfc062723c751e8b465ee728b)
Start importing Assets/Oculus/VR/Plugins/1.67.0 using Guid(7be69154ba675f54b84bb4c142831542) Importer(815301076,1909f56bfc062723c751e8b465ee728b)  -> (artifact id: 'd12add039307c0acee7ef12b2bc31c45') in 0.000828 seconds
  Import took 0.004120 seconds .

========================================================================
Received Import Request.
  Time since last request: 8.170372 seconds.
  path: Assets/Oculus/VR/Scripts/OVRPlugin.cs
  artifactKey: Guid(61abd23f3aff5394ba8027ee380760b8) Importer(815301076,1909f56bfc062723c751e8b465ee728b)
Start importing Assets/Oculus/VR/Scripts/OVRPlugin.cs using Guid(61abd23f3aff5394ba8027ee380760b8) Importer(815301076,1909f56bfc062723c751e8b465ee728b)  -> (artifact id: '51e6d36d6d3a4d578c14d66b0a4a1975') in 0.137497 seconds
  Import took 0.141747 seconds .

========================================================================
Received Import Request.
  Time since last request: 0.000578 seconds.
  path: Assets/Oculus/VR/Scripts/OVRPlugin.cs
  artifactKey: Guid(61abd23f3aff5394ba8027ee380760b8) Importer(815301076,1909f56bfc062723c751e8b465ee728b)
Start importing Assets/Oculus/VR/Scripts/OVRPlugin.cs using Guid(61abd23f3aff5394ba8027ee380760b8) Importer(815301076,1909f56bfc062723c751e8b465ee728b)  -> (artifact id: '51e6d36d6d3a4d578c14d66b0a4a1975') in 0.001811 seconds
  Import took 0.005244 seconds .

========================================================================
Received Prepare
Registering precompiled user dll's ...
Registered in 0.007406 seconds.
Begin MonoManager ReloadAssembly
Native extension for OSXStandalone target not found
Refreshing native plugins compatible for Editor in 1.02 ms, found 6 plugins.
Preloading 1 native plugins for Editor in 0.49 ms.
Mono: successfully reloaded assembly
- Completed reload, in  2.365 seconds
Platform modules already initialized, skipping
Shader 'Oculus/OVRMRCameraFrameLit': fallback shader 'Alpha-Diffuse' not found
Refreshing native plugins compatible for Editor in 0.95 ms, found 6 plugins.
Preloading 1 native plugins for Editor in 0.26 ms.
Unloading 2838 Unused Serialized files (Serialized files now loaded: 0)
System memory in use before: 260.5 MB.
System memory in use after: 260.4 MB.

Unloading 59 unused Assets to reduce memory usage. Loaded Objects now: 3340.
Total: 2.708208 ms (FindLiveObjects: 0.186584 ms CreateObjectMapping: 0.060833 ms MarkObjects: 1.924958 ms  DeleteObjects: 0.534791 ms)

========================================================================
Received Prepare
Registering precompiled user dll's ...
Registered in 0.009837 seconds.
Begin MonoManager ReloadAssembly
Native extension for OSXStandalone target not found
Refreshing native plugins compatible for Editor in 0.96 ms, found 6 plugins.
Preloading 1 native plugins for Editor in 0.45 ms.
Mono: successfully reloaded assembly
- Completed reload, in  2.324 seconds
Platform modules already initialized, skipping
Shader 'Oculus/OVRMRCameraFrameLit': fallback shader 'Alpha-Diffuse' not found
Refreshing native plugins compatible for Editor in 0.98 ms, found 6 plugins.
Preloading 1 native plugins for Editor in 0.33 ms.
Unloading 2838 Unused Serialized files (Serialized files now loaded: 0)
System memory in use before: 261.0 MB.
System memory in use after: 260.9 MB.

Unloading 59 unused Assets to reduce memory usage. Loaded Objects now: 3344.
Total: 2.146417 ms (FindLiveObjects: 0.191125 ms CreateObjectMapping: 0.060750 ms MarkObjects: 1.546292 ms  DeleteObjects: 0.347250 ms)

========================================================================
Received Prepare
Registering precompiled user dll's ...
Registered in 0.009876 seconds.
Begin MonoManager ReloadAssembly
Native extension for OSXStandalone target not found
Refreshing native plugins compatible for Editor in 0.96 ms, found 6 plugins.
Preloading 1 native plugins for Editor in 0.53 ms.
Mono: successfully reloaded assembly
- Completed reload, in  2.336 seconds
Platform modules already initialized, skipping
Shader 'Oculus/OVRMRCameraFrameLit': fallback shader 'Alpha-Diffuse' not found
Refreshing native plugins compatible for Editor in 0.94 ms, found 6 plugins.
Preloading 1 native plugins for Editor in 0.25 ms.
Unloading 2838 Unused Serialized files (Serialized files now loaded: 0)
System memory in use before: 261.4 MB.
System memory in use after: 261.3 MB.

Unloading 59 unused Assets to reduce memory usage. Loaded Objects now: 3348.
Total: 2.135291 ms (FindLiveObjects: 0.183167 ms CreateObjectMapping: 0.060416 ms MarkObjects: 1.546625 ms  DeleteObjects: 0.343875 ms)

========================================================================
Received Prepare
Registering precompiled user dll's ...
Registered in 0.008517 seconds.
Begin MonoManager ReloadAssembly
Native extension for OSXStandalone target not found
Refreshing native plugins compatible for Editor in 1.02 ms, found 6 plugins.
Preloading 1 native plugins for Editor in 0.55 ms.
Mono: successfully reloaded assembly
- Completed reload, in  2.432 seconds
Platform modules already initialized, skipping
Shader 'Oculus/OVRMRCameraFrameLit': fallback shader 'Alpha-Diffuse' not found
Refreshing native plugins compatible for Editor in 0.95 ms, found 6 plugins.
Preloading 1 native plugins for Editor in 0.24 ms.
Unloading 2838 Unused Serialized files (Serialized files now loaded: 0)
System memory in use before: 261.9 MB.
System memory in use after: 261.8 MB.

Unloading 59 unused Assets to reduce memory usage. Loaded Objects now: 3352.
Total: 3.629708 ms (FindLiveObjects: 0.391833 ms CreateObjectMapping: 0.059958 ms MarkObjects: 2.798125 ms  DeleteObjects: 0.378750 ms)

========================================================================
Received Prepare
Registering precompiled user dll's ...
Registered in 0.007384 seconds.
Begin MonoManager ReloadAssembly
Native extension for OSXStandalone target not found
Refreshing native plugins compatible for Editor in 1.03 ms, found 6 plugins.
Preloading 1 native plugins for Editor in 0.46 ms.
Mono: successfully reloaded assembly
- Completed reload, in  2.389 seconds
Platform modules already initialized, skipping
Shader 'Oculus/OVRMRCameraFrameLit': fallback shader 'Alpha-Diffuse' not found
Refreshing native plugins compatible for Editor in 0.99 ms, found 6 plugins.
Preloading 1 native plugins for Editor in 0.25 ms.
Unloading 2838 Unused Serialized files (Serialized files now loaded: 0)
System memory in use before: 262.4 MB.
System memory in use after: 262.3 MB.

Unloading 59 unused Assets to reduce memory usage. Loaded Objects now: 3356.
Total: 2.251459 ms (FindLiveObjects: 0.221917 ms CreateObjectMapping: 0.062917 ms MarkObjects: 1.601000 ms  DeleteObjects: 0.364625 ms)

========================================================================
Received Prepare
Registering precompiled user dll's ...
Registered in 0.010469 seconds.
Begin MonoManager ReloadAssembly
Native extension for OSXStandalone target not found
Refreshing native plugins compatible for Editor in 0.99 ms, found 6 plugins.
Preloading 1 native plugins for Editor in 0.46 ms.
Mono: successfully reloaded assembly
- Completed reload, in  2.329 seconds
Platform modules already initialized, skipping
Shader 'Oculus/OVRMRCameraFrameLit': fallback shader 'Alpha-Diffuse' not found
Refreshing native plugins compatible for Editor in 0.95 ms, found 6 plugins.
Preloading 1 native plugins for Editor in 0.26 ms.
Unloading 2838 Unused Serialized files (Serialized files now loaded: 0)
System memory in use before: 262.8 MB.
System memory in use after: 262.7 MB.

Unloading 59 unused Assets to reduce memory usage. Loaded Objects now: 3360.
Total: 2.115709 ms (FindLiveObjects: 0.197542 ms CreateObjectMapping: 0.062583 ms MarkObjects: 1.484375 ms  DeleteObjects: 0.370292 ms)

========================================================================
Received Import Request.
  Time since last request: 1174.105098 seconds.
  path: Assets/Oculus/Avatar/Content/Prefabs/LocalAvatar.prefab
  artifactKey: Guid(84c8b8609f9bb434eaf5248f17ff1293) Importer(815301076,1909f56bfc062723c751e8b465ee728b)
Start importing Assets/Oculus/Avatar/Content/Prefabs/LocalAvatar.prefab using Guid(84c8b8609f9bb434eaf5248f17ff1293) Importer(815301076,1909f56bfc062723c751e8b465ee728b)  -> (artifact id: '8ece93a6cdfec581e2d5e8e8f907be5d') in 0.266200 seconds
  Import took 0.285857 seconds .

========================================================================
Received Prepare
Registering precompiled user dll's ...
Registered in 0.006944 seconds.
Begin MonoManager ReloadAssembly
Native extension for OSXStandalone target not found
Refreshing native plugins compatible for Editor in 0.98 ms, found 6 plugins.
Preloading 1 native plugins for Editor in 0.49 ms.
Mono: successfully reloaded assembly
- Completed reload, in  2.278 seconds
Platform modules already initialized, skipping
Shader 'Oculus/OVRMRCameraFrameLit': fallback shader 'Alpha-Diffuse' not found
Refreshing native plugins compatible for Editor in 0.97 ms, found 6 plugins.
Preloading 1 native plugins for Editor in 0.27 ms.
Unloading 2838 Unused Serialized files (Serialized files now loaded: 0)
System memory in use before: 267.6 MB.
System memory in use after: 267.5 MB.

Unloading 59 unused Assets to reduce memory usage. Loaded Objects now: 3364.
Total: 2.179708 ms (FindLiveObjects: 0.200459 ms CreateObjectMapping: 0.062334 ms MarkObjects: 1.536916 ms  DeleteObjects: 0.379000 ms)

========================================================================
Received Import Request.
  Time since last request: 409.931817 seconds.
  path: Assets/_TerrainAutoUpgrade/layer_asphalt3d3aba195e4d26ee.terrainlayer
  artifactKey: Guid(906ba297ec25047d5887b664878c4341) Importer(815301076,1909f56bfc062723c751e8b465ee728b)
Start importing Assets/_TerrainAutoUpgrade/layer_asphalt3d3aba195e4d26ee.terrainlayer using Guid(906ba297ec25047d5887b664878c4341) Importer(815301076,1909f56bfc062723c751e8b465ee728b)  -> (artifact id: '2903ac8be2831ad90461cc24fdabf924') in 0.178308 seconds
  Import took 0.183453 seconds .

========================================================================
Received Import Request.
  Time since last request: 0.000236 seconds.
  path: Assets/_TerrainAutoUpgrade/layer_Default_Floor3d3aba195e4d26ee.terrainlayer
  artifactKey: Guid(883c0386cac96424684f7ec07f9d5d03) Importer(815301076,1909f56bfc062723c751e8b465ee728b)
Start importing Assets/_TerrainAutoUpgrade/layer_Default_Floor3d3aba195e4d26ee.terrainlayer using Guid(883c0386cac96424684f7ec07f9d5d03) Importer(815301076,1909f56bfc062723c751e8b465ee728b)  -> (artifact id: '4d77550ded363557007f1d69ad58c32d') in 0.004198 seconds
  Import took 0.007740 seconds .

========================================================================
Received Import Request.
  Time since last request: 0.000187 seconds.
  path: Assets/_TerrainAutoUpgrade/layer_snow3d3aba195e4d26ee.terrainlayer
  artifactKey: Guid(1ac32cf1a813c4306b027b8d4d91a161) Importer(815301076,1909f56bfc062723c751e8b465ee728b)
Start importing Assets/_TerrainAutoUpgrade/layer_snow3d3aba195e4d26ee.terrainlayer using Guid(1ac32cf1a813c4306b027b8d4d91a161) Importer(815301076,1909f56bfc062723c751e8b465ee728b)  -> (artifact id: '1ed3f853dd06e54d63cb4b4635908ea2') in 0.003407 seconds
  Import took 0.007223 seconds .

========================================================================
Received Import Request.
  Time since last request: 0.000201 seconds.
  path: Assets/_TerrainAutoUpgrade/layer_grass3d3aba195e4d26ee.terrainlayer
  artifactKey: Guid(54dbc9246f9b7415385762d2bf137c75) Importer(815301076,1909f56bfc062723c751e8b465ee728b)
Start importing Assets/_TerrainAutoUpgrade/layer_grass3d3aba195e4d26ee.terrainlayer using Guid(54dbc9246f9b7415385762d2bf137c75) Importer(815301076,1909f56bfc062723c751e8b465ee728b)  -> (artifact id: 'c3ff8a118d2355edf717c41f3c99c877') in 0.003394 seconds
  Import took 0.007018 seconds .

========================================================================
Received Import Request.
  Time since last request: 7.136664 seconds.
  path: Assets/XR/XRGeneralSettings.asset
  artifactKey: Guid(87647803699a04183bee9d645ca7a367) Importer(815301076,1909f56bfc062723c751e8b465ee728b)
Start importing Assets/XR/XRGeneralSettings.asset using Guid(87647803699a04183bee9d645ca7a367) Importer(815301076,1909f56bfc062723c751e8b465ee728b)  -> (artifact id: '417f1c1bb705dc75b01a3b8daf869659') in 0.088892 seconds
  Import took 0.095270 seconds .

========================================================================
Received Prepare
Registering precompiled user dll's ...
Registered in 0.008773 seconds.
Begin MonoManager ReloadAssembly
Native extension for OSXStandalone target not found
Refreshing native plugins compatible for Editor in 1.09 ms, found 6 plugins.
Preloading 1 native plugins for Editor in 4.61 ms.
Mono: successfully reloaded assembly
- Completed reload, in  2.487 seconds
Platform modules already initialized, skipping
Shader 'Oculus/OVRMRCameraFrameLit': fallback shader 'Alpha-Diffuse' not found
Refreshing native plugins compatible for Editor in 1.00 ms, found 6 plugins.
Preloading 1 native plugins for Editor in 0.29 ms.
Unloading 2838 Unused Serialized files (Serialized files now loaded: 0)
System memory in use before: 276.2 MB.
System memory in use after: 276.1 MB.

Unloading 59 unused Assets to reduce memory usage. Loaded Objects now: 3370.
Total: 2.340708 ms (FindLiveObjects: 0.200791 ms CreateObjectMapping: 0.072125 ms MarkObjects: 1.668000 ms  DeleteObjects: 0.398625 ms)

========================================================================
Received Import Request.
  Time since last request: 105.595078 seconds.
  path: Assets/UnityAssetStore/Oculus/SampleFramework/Core/Locomotion/Materials/ColumnGlow.mat
  artifactKey: Guid(5e53c7a8c2e563c4c90a8fa620eebc2c) Importer(815301076,1909f56bfc062723c751e8b465ee728b)
Start importing Assets/UnityAssetStore/Oculus/SampleFramework/Core/Locomotion/Materials/ColumnGlow.mat using Guid(5e53c7a8c2e563c4c90a8fa620eebc2c) Importer(815301076,1909f56bfc062723c751e8b465ee728b)  -> (artifact id: 'aae791e8ccd660cc2908b0fd1d9b4279') in 0.665419 seconds
  Import took 0.670602 seconds .

========================================================================
Received Import Request.
  Time since last request: 0.000256 seconds.
  path: Assets/UnityAssetStore/Oculus/SampleFramework/Core/Locomotion/Materials/MeterGrid.mat
  artifactKey: Guid(912cbad78358a1d48b357480224f4ad9) Importer(815301076,1909f56bfc062723c751e8b465ee728b)
Start importing Assets/UnityAssetStore/Oculus/SampleFramework/Core/Locomotion/Materials/MeterGrid.mat using Guid(912cbad78358a1d48b357480224f4ad9) Importer(815301076,1909f56bfc062723c751e8b465ee728b)  -> (artifact id: 'aede7517d809b11ac9e3f19d9a328d66') in 0.060401 seconds
  Import took 0.064478 seconds .

========================================================================
Received Import Request.
  Time since last request: 0.000236 seconds.
  path: Assets/UnityAssetStore/Oculus/SampleFramework/Core/Locomotion/Materials/lambert1.mat
  artifactKey: Guid(24774b6e918e3c24a833857353a28b1b) Importer(815301076,1909f56bfc062723c751e8b465ee728b)
Start importing Assets/UnityAssetStore/Oculus/SampleFramework/Core/Locomotion/Materials/lambert1.mat using Guid(24774b6e918e3c24a833857353a28b1b) Importer(815301076,1909f56bfc062723c751e8b465ee728b)  -> (artifact id: 'ebec3a86563ce5c84c5f3edb3bc95cbd') in 0.010561 seconds
  Import took 0.014990 seconds .

========================================================================
Received Import Request.
  Time since last request: 0.000222 seconds.
  path: Assets/UnityAssetStore/Oculus/SampleFramework/Core/Locomotion/Materials/TeleportLaser.mat
  artifactKey: Guid(a379cec2ba497874788d17eb312c61be) Importer(815301076,1909f56bfc062723c751e8b465ee728b)
Start importing Assets/UnityAssetStore/Oculus/SampleFramework/Core/Locomotion/Materials/TeleportLaser.mat using Guid(a379cec2ba497874788d17eb312c61be) Importer(815301076,1909f56bfc062723c751e8b465ee728b)  -> (artifact id: '64be881942125e49d58beac757df063a') in 0.137549 seconds
  Import took 0.142080 seconds .

========================================================================
Received Import Request.
  Time since last request: 0.000198 seconds.
  path: Assets/UnityAssetStore/Oculus/SampleFramework/Core/Locomotion/Materials/MeterGrid.png
  artifactKey: Guid(94201fda3ed62c94fbb0e4bf717756ba) Importer(815301076,1909f56bfc062723c751e8b465ee728b)
Start importing Assets/UnityAssetStore/Oculus/SampleFramework/Core/Locomotion/Materials/MeterGrid.png using Guid(94201fda3ed62c94fbb0e4bf717756ba) Importer(815301076,1909f56bfc062723c751e8b465ee728b)  -> (artifact id: '733c9582f4aedb428c0cbdd975ff2c1c') in 0.249866 seconds
  Import took 0.253403 seconds .

========================================================================
Received Prepare
Registering precompiled user dll's ...
Registered in 0.007844 seconds.
Begin MonoManager ReloadAssembly
Native extension for OSXStandalone target not found
Refreshing native plugins compatible for Editor in 1.00 ms, found 6 plugins.
Preloading 1 native plugins for Editor in 0.49 ms.
Mono: successfully reloaded assembly
- Completed reload, in  2.457 seconds
Platform modules already initialized, skipping
Shader 'Oculus/OVRMRCameraFrameLit': fallback shader 'Alpha-Diffuse' not found
Refreshing native plugins compatible for Editor in 0.98 ms, found 6 plugins.
Preloading 1 native plugins for Editor in 0.25 ms.
Unloading 2838 Unused Serialized files (Serialized files now loaded: 0)
System memory in use before: 285.8 MB.
System memory in use after: 285.7 MB.

Unloading 59 unused Assets to reduce memory usage. Loaded Objects now: 3416.
Total: 3.291625 ms (FindLiveObjects: 0.196708 ms CreateObjectMapping: 0.061166 ms MarkObjects: 2.394125 ms  DeleteObjects: 0.638666 ms)

